<?xml version="1.0" encoding="UTF-8"?>
<testsuite xmlns:xsi="http://www.w3.org/2001/XMLSchema-instance" xsi:noNamespaceSchemaLocation="https://maven.apache.org/surefire/maven-surefire-plugin/xsd/surefire-test-report-3.0.xsd" version="3.0" name="runner.TestRunner" time="8.312" tests="3" errors="0" skipped="0" failures="0">
  <properties>
    <property name="java.specification.version" value="19"/>
    <property name="sun.cpu.isalist" value="amd64"/>
    <property name="sun.jnu.encoding" value="Cp1252"/>
    <property name="java.class.path" value="C:\Users\Krishna Sakinala\Downloads\PW_Test-master\target\test-classes;C:\Users\Krishna Sakinala\Downloads\PW_Test-master\target\classes;C:\Users\Krishna Sakinala\.m2\repository\com\microsoft\playwright\playwright\1.26.1\playwright-1.26.1.jar;C:\Users\Krishna Sakinala\.m2\repository\com\google\code\gson\gson\2.8.9\gson-2.8.9.jar;C:\Users\Krishna Sakinala\.m2\repository\org\opentest4j\opentest4j\1.2.0\opentest4j-1.2.0.jar;C:\Users\Krishna Sakinala\.m2\repository\com\microsoft\playwright\driver\1.26.1\driver-1.26.1.jar;C:\Users\Krishna Sakinala\.m2\repository\com\microsoft\playwright\driver-bundle\1.26.1\driver-bundle-1.26.1.jar;C:\Users\Krishna Sakinala\.m2\repository\io\cucumber\cucumber-java\7.8.1\cucumber-java-7.8.1.jar;C:\Users\Krishna Sakinala\.m2\repository\io\cucumber\cucumber-core\7.8.1\cucumber-core-7.8.1.jar;C:\Users\Krishna Sakinala\.m2\repository\io\cucumber\cucumber-gherkin\7.8.1\cucumber-gherkin-7.8.1.jar;C:\Users\Krishna Sakinala\.m2\repository\io\cucumber\cucumber-gherkin-messages\7.8.1\cucumber-gherkin-messages-7.8.1.jar;C:\Users\Krishna Sakinala\.m2\repository\io\cucumber\gherkin\24.0.0\gherkin-24.0.0.jar;C:\Users\Krishna Sakinala\.m2\repository\io\cucumber\messages\19.1.4\messages-19.1.4.jar;C:\Users\Krishna Sakinala\.m2\repository\io\cucumber\tag-expressions\4.1.0\tag-expressions-4.1.0.jar;C:\Users\Krishna Sakinala\.m2\repository\io\cucumber\cucumber-expressions\16.0.0\cucumber-expressions-16.0.0.jar;C:\Users\Krishna Sakinala\.m2\repository\io\cucumber\datatable\7.8.1\datatable-7.8.1.jar;C:\Users\Krishna Sakinala\.m2\repository\io\cucumber\cucumber-plugin\7.8.1\cucumber-plugin-7.8.1.jar;C:\Users\Krishna Sakinala\.m2\repository\io\cucumber\docstring\7.8.1\docstring-7.8.1.jar;C:\Users\Krishna Sakinala\.m2\repository\io\cucumber\html-formatter\20.1.0\html-formatter-20.1.0.jar;C:\Users\Krishna Sakinala\.m2\repository\io\cucumber\ci-environment\9.1.0\ci-environment-9.1.0.jar;C:\Users\Krishna Sakinala\.m2\repository\org\apiguardian\apiguardian-api\1.1.2\apiguardian-api-1.1.2.jar;C:\Users\Krishna Sakinala\.m2\repository\org\testng\testng\7.6.1\testng-7.6.1.jar;C:\Users\Krishna Sakinala\.m2\repository\com\google\code\findbugs\jsr305\3.0.2\jsr305-3.0.2.jar;C:\Users\Krishna Sakinala\.m2\repository\com\beust\jcommander\1.82\jcommander-1.82.jar;C:\Users\Krishna Sakinala\.m2\repository\org\webjars\jquery\3.6.0\jquery-3.6.0.jar;C:\Users\Krishna Sakinala\.m2\repository\io\cucumber\cucumber-testng\7.8.1\cucumber-testng-7.8.1.jar;C:\Users\Krishna Sakinala\.m2\repository\com\aventstack\extentreports-cucumber4-adapter\1.2.1\extentreports-cucumber4-adapter-1.2.1.jar;C:\Users\Krishna Sakinala\.m2\repository\com\aventstack\klov-reporter\5.0.1\klov-reporter-5.0.1.jar;C:\Users\Krishna Sakinala\.m2\repository\org\mongodb\bson\3.3.0\bson-3.3.0.jar;C:\Users\Krishna Sakinala\.m2\repository\org\apache\httpcomponents\httpclient\4.5.2\httpclient-4.5.2.jar;C:\Users\Krishna Sakinala\.m2\repository\org\apache\httpcomponents\httpcore\4.4.4\httpcore-4.4.4.jar;C:\Users\Krishna Sakinala\.m2\repository\commons-logging\commons-logging\1.2\commons-logging-1.2.jar;C:\Users\Krishna Sakinala\.m2\repository\commons-codec\commons-codec\1.9\commons-codec-1.9.jar;C:\Users\Krishna Sakinala\.m2\repository\org\apache\httpcomponents\httpmime\4.5.2\httpmime-4.5.2.jar;C:\Users\Krishna Sakinala\.m2\repository\org\mongodb\mongodb-driver\3.3.0\mongodb-driver-3.3.0.jar;C:\Users\Krishna Sakinala\.m2\repository\org\mongodb\mongodb-driver-core\3.3.0\mongodb-driver-core-3.3.0.jar;C:\Users\Krishna Sakinala\.m2\repository\com\aventstack\extentreports\5.0.9\extentreports-5.0.9.jar;C:\Users\Krishna Sakinala\.m2\repository\io\reactivex\rxjava3\rxjava\3.0.4\rxjava-3.0.4.jar;C:\Users\Krishna Sakinala\.m2\repository\org\reactivestreams\reactive-streams\1.0.3\reactive-streams-1.0.3.jar;C:\Users\Krishna Sakinala\.m2\repository\org\freemarker\freemarker\2.3.30\freemarker-2.3.30.jar;C:\Users\Krishna Sakinala\.m2\repository\com\aventstack\extentreports-testng-adapter\1.2.2\extentreports-testng-adapter-1.2.2.jar;C:\Users\Krishna Sakinala\.m2\repository\org\slf4j\slf4j-reload4j\2.0.3\slf4j-reload4j-2.0.3.jar;C:\Users\Krishna Sakinala\.m2\repository\ch\qos\reload4j\reload4j\1.2.22\reload4j-1.2.22.jar;C:\Users\Krishna Sakinala\.m2\repository\org\slf4j\slf4j-api\2.0.3\slf4j-api-2.0.3.jar;C:\Users\Krishna Sakinala\.m2\repository\org\projectlombok\lombok\1.18.24\lombok-1.18.24.jar;C:\Users\Krishna Sakinala\.m2\repository\tech\grasshopper\extentreports-cucumber7-adapter\1.7.0\extentreports-cucumber7-adapter-1.7.0.jar;C:\Users\Krishna Sakinala\.m2\repository\tech\grasshopper\extent-pdf-report\2.7.0\extent-pdf-report-2.7.0.jar;C:\Users\Krishna Sakinala\.m2\repository\tech\grasshopper\cucumber-pdf-report\2.10.0\cucumber-pdf-report-2.10.0.jar;C:\Users\Krishna Sakinala\.m2\repository\org\apache\pdfbox\pdfbox\2.0.26\pdfbox-2.0.26.jar;C:\Users\Krishna Sakinala\.m2\repository\org\apache\pdfbox\fontbox\2.0.26\fontbox-2.0.26.jar;C:\Users\Krishna Sakinala\.m2\repository\org\knowm\xchart\xchart\3.8.0\xchart-3.8.0.jar;C:\Users\Krishna Sakinala\.m2\repository\de\erichseifert\vectorgraphics2d\VectorGraphics2D\0.13\VectorGraphics2D-0.13.jar;C:\Users\Krishna Sakinala\.m2\repository\de\rototor\pdfbox\graphics2d\0.30\graphics2d-0.30.jar;C:\Users\Krishna Sakinala\.m2\repository\com\madgag\animated-gif-lib\1.4\animated-gif-lib-1.4.jar;C:\Users\Krishna Sakinala\.m2\repository\org\yaml\snakeyaml\1.28\snakeyaml-1.28.jar;C:\Users\Krishna Sakinala\.m2\repository\tech\grasshopper\table-layout\1.5.1\table-layout-1.5.1.jar;C:\Users\Krishna Sakinala\.m2\repository\tech\grasshopper\rest-assured-cucumber-pdf-report\1.4.1\rest-assured-cucumber-pdf-report-1.4.1.jar;C:\Users\Krishna Sakinala\.m2\repository\org\jsoup\jsoup\1.14.3\jsoup-1.14.3.jar;C:\Users\Krishna Sakinala\.m2\repository\tech\grasshopper\htmlextentreporter\1.0.1\htmlextentreporter-1.0.1.jar;"/>
    <property name="java.vm.vendor" value="Oracle Corporation"/>
    <property name="sun.arch.data.model" value="64"/>
    <property name="user.variant" value=""/>
    <property name="java.vendor.url" value="https://java.oracle.com/"/>
    <property name="user.timezone" value="America/New_York"/>
    <property name="os.name" value="Windows 11"/>
    <property name="java.vm.specification.version" value="19"/>
    <property name="remoteUrl" value=""/>
    <property name="sun.java.launcher" value="SUN_STANDARD"/>
    <property name="user.country" value="US"/>
    <property name="sun.boot.library.path" value="C:\Work\jdk-19.0.1\bin"/>
    <property name="sun.java.command" value="C:\Users\Krishna Sakinala\AppData\Local\Temp\surefire15192717817617528743\surefirebooter-20221020111825625_3.jar C:\Users\Krishna Sakinala\AppData\Local\Temp\surefire15192717817617528743 2022-10-20T11-18-25_444-jvmRun1 surefire-20221020111825625_1tmp surefire_0-20221020111825625_2tmp"/>
    <property name="jdk.debug" value="release"/>
    <property name="surefire.test.class.path" value="C:\Users\Krishna Sakinala\Downloads\PW_Test-master\target\test-classes;C:\Users\Krishna Sakinala\Downloads\PW_Test-master\target\classes;C:\Users\Krishna Sakinala\.m2\repository\com\microsoft\playwright\playwright\1.26.1\playwright-1.26.1.jar;C:\Users\Krishna Sakinala\.m2\repository\com\google\code\gson\gson\2.8.9\gson-2.8.9.jar;C:\Users\Krishna Sakinala\.m2\repository\org\opentest4j\opentest4j\1.2.0\opentest4j-1.2.0.jar;C:\Users\Krishna Sakinala\.m2\repository\com\microsoft\playwright\driver\1.26.1\driver-1.26.1.jar;C:\Users\Krishna Sakinala\.m2\repository\com\microsoft\playwright\driver-bundle\1.26.1\driver-bundle-1.26.1.jar;C:\Users\Krishna Sakinala\.m2\repository\io\cucumber\cucumber-java\7.8.1\cucumber-java-7.8.1.jar;C:\Users\Krishna Sakinala\.m2\repository\io\cucumber\cucumber-core\7.8.1\cucumber-core-7.8.1.jar;C:\Users\Krishna Sakinala\.m2\repository\io\cucumber\cucumber-gherkin\7.8.1\cucumber-gherkin-7.8.1.jar;C:\Users\Krishna Sakinala\.m2\repository\io\cucumber\cucumber-gherkin-messages\7.8.1\cucumber-gherkin-messages-7.8.1.jar;C:\Users\Krishna Sakinala\.m2\repository\io\cucumber\gherkin\24.0.0\gherkin-24.0.0.jar;C:\Users\Krishna Sakinala\.m2\repository\io\cucumber\messages\19.1.4\messages-19.1.4.jar;C:\Users\Krishna Sakinala\.m2\repository\io\cucumber\tag-expressions\4.1.0\tag-expressions-4.1.0.jar;C:\Users\Krishna Sakinala\.m2\repository\io\cucumber\cucumber-expressions\16.0.0\cucumber-expressions-16.0.0.jar;C:\Users\Krishna Sakinala\.m2\repository\io\cucumber\datatable\7.8.1\datatable-7.8.1.jar;C:\Users\Krishna Sakinala\.m2\repository\io\cucumber\cucumber-plugin\7.8.1\cucumber-plugin-7.8.1.jar;C:\Users\Krishna Sakinala\.m2\repository\io\cucumber\docstring\7.8.1\docstring-7.8.1.jar;C:\Users\Krishna Sakinala\.m2\repository\io\cucumber\html-formatter\20.1.0\html-formatter-20.1.0.jar;C:\Users\Krishna Sakinala\.m2\repository\io\cucumber\ci-environment\9.1.0\ci-environment-9.1.0.jar;C:\Users\Krishna Sakinala\.m2\repository\org\apiguardian\apiguardian-api\1.1.2\apiguardian-api-1.1.2.jar;C:\Users\Krishna Sakinala\.m2\repository\org\testng\testng\7.6.1\testng-7.6.1.jar;C:\Users\Krishna Sakinala\.m2\repository\com\google\code\findbugs\jsr305\3.0.2\jsr305-3.0.2.jar;C:\Users\Krishna Sakinala\.m2\repository\com\beust\jcommander\1.82\jcommander-1.82.jar;C:\Users\Krishna Sakinala\.m2\repository\org\webjars\jquery\3.6.0\jquery-3.6.0.jar;C:\Users\Krishna Sakinala\.m2\repository\io\cucumber\cucumber-testng\7.8.1\cucumber-testng-7.8.1.jar;C:\Users\Krishna Sakinala\.m2\repository\com\aventstack\extentreports-cucumber4-adapter\1.2.1\extentreports-cucumber4-adapter-1.2.1.jar;C:\Users\Krishna Sakinala\.m2\repository\com\aventstack\klov-reporter\5.0.1\klov-reporter-5.0.1.jar;C:\Users\Krishna Sakinala\.m2\repository\org\mongodb\bson\3.3.0\bson-3.3.0.jar;C:\Users\Krishna Sakinala\.m2\repository\org\apache\httpcomponents\httpclient\4.5.2\httpclient-4.5.2.jar;C:\Users\Krishna Sakinala\.m2\repository\org\apache\httpcomponents\httpcore\4.4.4\httpcore-4.4.4.jar;C:\Users\Krishna Sakinala\.m2\repository\commons-logging\commons-logging\1.2\commons-logging-1.2.jar;C:\Users\Krishna Sakinala\.m2\repository\commons-codec\commons-codec\1.9\commons-codec-1.9.jar;C:\Users\Krishna Sakinala\.m2\repository\org\apache\httpcomponents\httpmime\4.5.2\httpmime-4.5.2.jar;C:\Users\Krishna Sakinala\.m2\repository\org\mongodb\mongodb-driver\3.3.0\mongodb-driver-3.3.0.jar;C:\Users\Krishna Sakinala\.m2\repository\org\mongodb\mongodb-driver-core\3.3.0\mongodb-driver-core-3.3.0.jar;C:\Users\Krishna Sakinala\.m2\repository\com\aventstack\extentreports\5.0.9\extentreports-5.0.9.jar;C:\Users\Krishna Sakinala\.m2\repository\io\reactivex\rxjava3\rxjava\3.0.4\rxjava-3.0.4.jar;C:\Users\Krishna Sakinala\.m2\repository\org\reactivestreams\reactive-streams\1.0.3\reactive-streams-1.0.3.jar;C:\Users\Krishna Sakinala\.m2\repository\org\freemarker\freemarker\2.3.30\freemarker-2.3.30.jar;C:\Users\Krishna Sakinala\.m2\repository\com\aventstack\extentreports-testng-adapter\1.2.2\extentreports-testng-adapter-1.2.2.jar;C:\Users\Krishna Sakinala\.m2\repository\org\slf4j\slf4j-reload4j\2.0.3\slf4j-reload4j-2.0.3.jar;C:\Users\Krishna Sakinala\.m2\repository\ch\qos\reload4j\reload4j\1.2.22\reload4j-1.2.22.jar;C:\Users\Krishna Sakinala\.m2\repository\org\slf4j\slf4j-api\2.0.3\slf4j-api-2.0.3.jar;C:\Users\Krishna Sakinala\.m2\repository\org\projectlombok\lombok\1.18.24\lombok-1.18.24.jar;C:\Users\Krishna Sakinala\.m2\repository\tech\grasshopper\extentreports-cucumber7-adapter\1.7.0\extentreports-cucumber7-adapter-1.7.0.jar;C:\Users\Krishna Sakinala\.m2\repository\tech\grasshopper\extent-pdf-report\2.7.0\extent-pdf-report-2.7.0.jar;C:\Users\Krishna Sakinala\.m2\repository\tech\grasshopper\cucumber-pdf-report\2.10.0\cucumber-pdf-report-2.10.0.jar;C:\Users\Krishna Sakinala\.m2\repository\org\apache\pdfbox\pdfbox\2.0.26\pdfbox-2.0.26.jar;C:\Users\Krishna Sakinala\.m2\repository\org\apache\pdfbox\fontbox\2.0.26\fontbox-2.0.26.jar;C:\Users\Krishna Sakinala\.m2\repository\org\knowm\xchart\xchart\3.8.0\xchart-3.8.0.jar;C:\Users\Krishna Sakinala\.m2\repository\de\erichseifert\vectorgraphics2d\VectorGraphics2D\0.13\VectorGraphics2D-0.13.jar;C:\Users\Krishna Sakinala\.m2\repository\de\rototor\pdfbox\graphics2d\0.30\graphics2d-0.30.jar;C:\Users\Krishna Sakinala\.m2\repository\com\madgag\animated-gif-lib\1.4\animated-gif-lib-1.4.jar;C:\Users\Krishna Sakinala\.m2\repository\org\yaml\snakeyaml\1.28\snakeyaml-1.28.jar;C:\Users\Krishna Sakinala\.m2\repository\tech\grasshopper\table-layout\1.5.1\table-layout-1.5.1.jar;C:\Users\Krishna Sakinala\.m2\repository\tech\grasshopper\rest-assured-cucumber-pdf-report\1.4.1\rest-assured-cucumber-pdf-report-1.4.1.jar;C:\Users\Krishna Sakinala\.m2\repository\org\jsoup\jsoup\1.14.3\jsoup-1.14.3.jar;C:\Users\Krishna Sakinala\.m2\repository\tech\grasshopper\htmlextentreporter\1.0.1\htmlextentreporter-1.0.1.jar;"/>
    <property name="sun.cpu.endian" value="little"/>
    <property name="user.home" value="C:\Users\Krishna Sakinala"/>
    <property name="user.language" value="en"/>
    <property name="java.specification.vendor" value="Oracle Corporation"/>
    <property name="executionMode" value="Local"/>
    <property name="java.version.date" value="2022-10-18"/>
    <property name="java.home" value="C:\Work\jdk-19.0.1"/>
    <property name="file.separator" value="\"/>
    <property name="basedir" value="C:\Users\Krishna Sakinala\Downloads\PW_Test-master"/>
    <property name="java.vm.compressedOopsMode" value="Zero based"/>
    <property name="line.separator" value="&#10;"/>
    <property name="java.vm.specification.vendor" value="Oracle Corporation"/>
    <property name="java.specification.name" value="Java Platform API Specification"/>
    <property name="applicationUrl" value="https://www.saucedemo.com/"/>
    <property name="surefire.real.class.path" value="C:\Users\Krishna Sakinala\AppData\Local\Temp\surefire15192717817617528743\surefirebooter-20221020111825625_3.jar"/>
    <property name="user.script" value=""/>
    <property name="sun.management.compiler" value="HotSpot 64-Bit Tiered Compilers"/>
    <property name="java.runtime.version" value="19.0.1+10-21"/>
    <property name="user.name" value="Krishna Sakinala"/>
    <property name="stdout.encoding" value="Cp1252"/>
    <property name="path.separator" value=";"/>
    <property name="os.version" value="10.0"/>
    <property name="java.runtime.name" value="Java(TM) SE Runtime Environment"/>
    <property name="file.encoding" value="UTF-8"/>
    <property name="browser" value="Chromium"/>
    <property name="java.vm.name" value="Java HotSpot(TM) 64-Bit Server VM"/>
    <property name="localRepository" value="C:\Users\Krishna Sakinala\.m2\repository"/>
    <property name="java.vendor.url.bug" value="https://bugreport.java.com/bugreport/"/>
    <property name="java.io.tmpdir" value="C:\Users\KRISHN~1\AppData\Local\Temp\"/>
    <property name="java.version" value="19.0.1"/>
    <property name="user.dir" value="C:\Users\Krishna Sakinala\Downloads\PW_Test-master"/>
    <property name="os.arch" value="amd64"/>
    <property name="java.vm.specification.name" value="Java Virtual Machine Specification"/>
    <property name="sun.os.patch.level" value=""/>
    <property name="native.encoding" value="Cp1252"/>
    <property name="java.library.path" value="C:\Work\jdk-19.0.1\bin;C:\Windows\Sun\Java\bin;C:\Windows\system32;C:\Windows;C:\Windows\system32;C:\Windows;C:\Windows\System32\Wbem;C:\Windows\System32\WindowsPowerShell\v1.0\;C:\Windows\System32\OpenSSH\;C:\Work\apache-maven-3.8.6\bin;C:\Work\jdk-19.0.1\bin;C:\Users\Krishna Sakinala\AppData\Local\Microsoft\WindowsApps;;C:\Program Files\JetBrains\IntelliJ IDEA Community Edition 2022.2.3\bin;;."/>
    <property name="java.vm.info" value="mixed mode, sharing"/>
    <property name="stderr.encoding" value="Cp1252"/>
    <property name="java.vendor" value="Oracle Corporation"/>
    <property name="java.vm.version" value="19.0.1+10-21"/>
    <property name="sun.io.unicode.encoding" value="UnicodeLittle"/>
    <property name="java.class.version" value="63.0"/>
  </properties>
  <testcase name="runScenario[&quot;Buy a SwagLabs product successfully&quot;, &quot;Buy Product&quot;](1)" classname="runner.TestRunner" time="3.366">
    <system-out><![CDATA[
@End2End
Scenario Outline: Buy a SwagLabs product successfully                                    # src/test/resources/features/BuyProduct.feature:14
*******************Chromium*******************
/////////////////https://www.saucedemo.com//////////////////
/////////////////Chromium/////////////////
  Given User launched SwagLabs application                                               # stepdefinitions.steps.user_launched_swaglabs_application()
  When User logged in the app using username "standard_user" and password "secret_sauce" # stepdefinitions.steps.user_logged_in_the_app_using_username_and_password(java.lang.String,java.lang.String)
  And User adds "Sauce Labs Fleece Jacket" product to the cart                           # stepdefinitions.steps.user_adds_product_to_the_cart(java.lang.String)
  And User enters Checkout details with "Ashish", "Ghosh", "1181"                        # stepdefinitions.steps.user_enters_Checkout_details_with(java.lang.String,java.lang.String,java.lang.String)
  And User completes Checkout process                                                    # stepdefinitions.steps.user_completes_checkout_process()
  Then User should get the Confirmation of Order                                         # stepdefinitions.steps.user_should_get_the_Confirmation_of_Order()
]]></system-out>
    <system-err><![CDATA[log4j:WARN No appenders could be found for logger (org.testng.internal.Graph).
log4j:WARN Please initialize the log4j system properly.
log4j:WARN See http://logging.apache.org/log4j/1.2/faq.html#noconfig for more info.
]]></system-err>
  </testcase>
  <testcase name="runScenario[&quot;Login to SwagLabs Application with Correct credentials&quot;, &quot;Login&quot;](2)" classname="runner.TestRunner" time="1.885">
    <system-out><![CDATA[
Scenario Outline: Login to SwagLabs Application with Correct credentials                 # src/test/resources/features/Login.feature:10
*******************Chromium*******************
/////////////////https://www.saucedemo.com//////////////////
/////////////////Chromium/////////////////
  Given User launched SwagLabs application                                               # stepdefinitions.steps.user_launched_swaglabs_application()
  When User logged in the app using username "standard_user" and password "secret_sauce" # stepdefinitions.steps.user_logged_in_the_app_using_username_and_password(java.lang.String,java.lang.String)
  Then user should be able to log in                                                     # stepdefinitions.steps.logInSuccessful()
]]></system-out>
  </testcase>
  <testcase name="runScenario[&quot;Login to SwagLabs Application with Wrong credentials&quot;, &quot;Login&quot;](3)" classname="runner.TestRunner" time="1.925">
    <system-out><![CDATA[
@SmokeTest
Scenario Outline: Login to SwagLabs Application with Wrong credentials                     # src/test/resources/features/Login.feature:20
*******************Chromium*******************
/////////////////https://www.saucedemo.com//////////////////
/////////////////Chromium/////////////////
  Given User launched SwagLabs application                                                 # stepdefinitions.steps.user_launched_swaglabs_application()
  When User logged in the app using username "locked_out_user" and password "secret_sauce" # stepdefinitions.steps.user_logged_in_the_app_using_username_and_password(java.lang.String,java.lang.String)
  Then User should not get logged in                                                       # stepdefinitions.steps.logInFailed()
]]></system-out>
  </testcase>
</testsuite>