<?xml version="1.0" encoding="UTF-8"?>
<!-- Generated by org.testng.reporters.JUnitReportReporter -->
<testsuite hostname="DESKTOP-GJVT0AB" failures="0" tests="3" name="runner.TestRunner" time="7.181" errors="0" timestamp="2022-10-20T11:18:34 EDT" skipped="0">
  <testcase classname="runner.TestRunner" name="runScenario" time="1.885"/>
  <system-out/>
  <testcase classname="runner.TestRunner" name="runScenario" time="3.371"/>
  <system-out/>
  <testcase classname="runner.TestRunner" name="runScenario" time="1.925"/>
  <system-out/>
</testsuite> <!-- runner.TestRunner -->
